** Daemonized, any open files are closed.  Look at /Volumes/Data/Work/Rails/projects/peel/log/locomotive.pid and log/mongrel.log for info.
** Starting Mongrel listening at 0.0.0.0:3005
** Starting Rails with development environment...
** Rails loaded.
** Loading any Rails specific GemPlugins
** Signals ready.  TERM => stop.  USR2 => restart.  INT => stop (no restart).
** Rails signals registered.  HUP => reload (without restart).  It might not work well.
** Mongrel available at 0.0.0.0:3005
** Writing PID file to /Volumes/Data/Work/Rails/projects/peel/log/locomotive.pid
** TERM signal received.
** Daemonized, any open files are closed.  Look at /Volumes/Data/Work/Rails/projects/peel/log/locomotive.pid and log/mongrel.log for info.
** Starting Mongrel listening at 0.0.0.0:3005
** Starting Rails with development environment...
** Rails loaded.
** Loading any Rails specific GemPlugins
** Signals ready.  TERM => stop.  USR2 => restart.  INT => stop (no restart).
** Rails signals registered.  HUP => reload (without restart).  It might not work well.
** Mongrel available at 0.0.0.0:3005
** Writing PID file to /Volumes/Data/Work/Rails/projects/peel/log/locomotive.pid
** TERM signal received.
** Daemonized, any open files are closed.  Look at /Volumes/Data/Work/Rails/projects/peel/log/locomotive.pid and log/mongrel.log for info.
** Starting Mongrel listening at 0.0.0.0:3005
** Starting Rails with development environment...
** Rails loaded.
** Loading any Rails specific GemPlugins
** Signals ready.  TERM => stop.  USR2 => restart.  INT => stop (no restart).
** Rails signals registered.  HUP => reload (without restart).  It might not work well.
** Mongrel available at 0.0.0.0:3005
** Writing PID file to /Volumes/Data/Work/Rails/projects/peel/log/locomotive.pid
** TERM signal received.
** Daemonized, any open files are closed.  Look at /Volumes/Data/Work/Rails/projects/peel/log/locomotive.pid and log/mongrel.log for info.
** Starting Mongrel listening at 0.0.0.0:3005
** Starting Rails with development environment...
** Rails loaded.
** Loading any Rails specific GemPlugins
** Signals ready.  TERM => stop.  USR2 => restart.  INT => stop (no restart).
** Rails signals registered.  HUP => reload (without restart).  It might not work well.
** Mongrel available at 0.0.0.0:3005
** Writing PID file to /Volumes/Data/Work/Rails/projects/peel/log/locomotive.pid
/Volumes/Data/Work/Rails/projects/peel/config/../app/views/artist/index.rhtml:24: warning: don't put space before argument parentheses
#<CGI::Session:0x335c228 @session_id="015f0d16306cb1f8a36f7c4a443554a6", @dbprot=[#<CGI::Session::PStore:0x335c098 @p=#<PStore:0x335b800 @abort=false, @rdonly=false, @transaction=false, @filename="/Volumes/Data/Work/Rails/projects/peel/config/../tmp/sessions//ruby_sess.c4a300423dbf0356", @table=nil>, @hash={"flash"=>{}}>], @data={"flash"=>{}}, @dbman=#<CGI::Session::PStore:0x335c098 @p=#<PStore:0x335b800 @abort=false, @rdonly=false, @transaction=false, @filename="/Volumes/Data/Work/Rails/projects/peel/config/../tmp/sessions//ruby_sess.c4a300423dbf0356", @table=nil>, @hash={"flash"=>{}}>, @new_session=false>
#<CGI::Session:0x32f3c50 @session_id="015f0d16306cb1f8a36f7c4a443554a6", @dbprot=[#<CGI::Session::PStore:0x32f3ac0 @p=#<PStore:0x32f3228 @abort=false, @rdonly=false, @transaction=false, @filename="/Volumes/Data/Work/Rails/projects/peel/config/../tmp/sessions//ruby_sess.c4a300423dbf0356", @table=nil>, @hash={"flash"=>{}}>], @data={"flash"=>{}}, @dbman=#<CGI::Session::PStore:0x32f3ac0 @p=#<PStore:0x32f3228 @abort=false, @rdonly=false, @transaction=false, @filename="/Volumes/Data/Work/Rails/projects/peel/config/../tmp/sessions//ruby_sess.c4a300423dbf0356", @table=nil>, @hash={"flash"=>{}}>, @new_session=false>
#<CGI::Session:0x31c3efc @session_id="873bbcbc78d7eb794b57cd953420158c", @dbprot=[#<CGI::Session::PStore:0x31c3d6c @p=#<PStore:0x31c34d4 @abort=false, @rdonly=false, @transaction=false, @filename="/Volumes/Data/Work/Rails/projects/peel/config/../tmp/sessions//ruby_sess.b7e56dbe273748ff", @table=nil>, @hash={"flash"=>{}}>], @data={"flash"=>{}}, @dbman=#<CGI::Session::PStore:0x31c3d6c @p=#<PStore:0x31c34d4 @abort=false, @rdonly=false, @transaction=false, @filename="/Volumes/Data/Work/Rails/projects/peel/config/../tmp/sessions//ruby_sess.b7e56dbe273748ff", @table=nil>, @hash={"flash"=>{}}>, @new_session=false>
** TERM signal received.
** Daemonized, any open files are closed.  Look at /Volumes/Data/Work/Rails/projects/peel/log/locomotive.pid and log/mongrel.log for info.
** Starting Mongrel listening at 0.0.0.0:3005
** Starting Rails with development environment...
** Rails loaded.
** Loading any Rails specific GemPlugins
** Signals ready.  TERM => stop.  USR2 => restart.  INT => stop (no restart).
** Rails signals registered.  HUP => reload (without restart).  It might not work well.
** Mongrel available at 0.0.0.0:3005
** Writing PID file to /Volumes/Data/Work/Rails/projects/peel/log/locomotive.pid
/Volumes/Data/Work/Rails/projects/peel/config/../app/views/artist/index.rhtml:24: warning: don't put space before argument parentheses
#<CGI::Session:0x2237460 @session_id="af84850ae245619528999bfeac918711", @dbprot=[#<CGI::Session::PStore:0x22371a4 @p=#<PStore:0x22340f8 @abort=false, @rdonly=false, @transaction=false, @filename="/Volumes/Data/Work/Rails/projects/peel/config/../tmp/sessions//ruby_sess.94206600d2c15cf9", @table=nil>, @hash={"flash"=>{}}>], @data={"flash"=>{}}, @dbman=#<CGI::Session::PStore:0x22371a4 @p=#<PStore:0x22340f8 @abort=false, @rdonly=false, @transaction=false, @filename="/Volumes/Data/Work/Rails/projects/peel/config/../tmp/sessions//ruby_sess.94206600d2c15cf9", @table=nil>, @hash={"flash"=>{}}>, @new_session=false>
#<CGI::Session:0x2465cdc @session_id="b437f7f8954e6ad16d3cc48f63670d85", @dbprot=[#<CGI::Session::PStore:0x2465b4c @p=#<PStore:0x24652b4 @abort=false, @rdonly=false, @transaction=false, @filename="/Volumes/Data/Work/Rails/projects/peel/config/../tmp/sessions//ruby_sess.3f21db710bd6d6f1", @table=nil>, @hash={"flash"=>{}}>], @data={"flash"=>{}}, @dbman=#<CGI::Session::PStore:0x2465b4c @p=#<PStore:0x24652b4 @abort=false, @rdonly=false, @transaction=false, @filename="/Volumes/Data/Work/Rails/projects/peel/config/../tmp/sessions//ruby_sess.3f21db710bd6d6f1", @table=nil>, @hash={"flash"=>{}}>, @new_session=false>
#<CGI::Session:0x2316d04 @session_id="b437f7f8954e6ad16d3cc48f63670d85", @dbprot=[#<CGI::Session::PStore:0x2316818 @p=#<PStore:0x2314b80 @abort=false, @rdonly=false, @transaction=false, @filename="/Volumes/Data/Work/Rails/projects/peel/config/../tmp/sessions//ruby_sess.3f21db710bd6d6f1", @table=nil>, @hash={"flash"=>{}}>], @data={"flash"=>{}}, @dbman=#<CGI::Session::PStore:0x2316818 @p=#<PStore:0x2314b80 @abort=false, @rdonly=false, @transaction=false, @filename="/Volumes/Data/Work/Rails/projects/peel/config/../tmp/sessions//ruby_sess.3f21db710bd6d6f1", @table=nil>, @hash={"flash"=>{}}>, @new_session=false>
** TERM signal received.
